TN:
SF:_tests_/fixtures/allergies.ts
FNF:0
FNH:0
DA:2,2
DA:4,2
LF:2
LH:2
BRF:0
BRH:0
end_of_record
TN:
SF:_tests_/fixtures/datatable.fixture.ts
FNF:0
FNH:0
DA:1,1
DA:16,1
LF:2
LH:2
BRF:0
BRH:0
end_of_record
TN:
SF:src/services/allergy.service.ts
FN:3,(anonymous_1)
FN:10,(anonymous_2)
FN:18,(anonymous_3)
FN:26,(anonymous_4)
FNF:4
FNH:1
FNDA:1,(anonymous_1)
FNDA:0,(anonymous_2)
FNDA:0,(anonymous_3)
FNDA:0,(anonymous_4)
DA:1,1
DA:3,1
DA:4,1
DA:10,1
DA:11,0
DA:18,1
DA:19,0
DA:26,1
DA:27,0
LF:9
LH:6
BRF:0
BRH:0
end_of_record
TN:
SF:src/shared/api.tsx
FN:6,(anonymous_6)
FN:21,(anonymous_7)
FN:30,(anonymous_8)
FN:37,(anonymous_9)
FN:40,(anonymous_10)
FN:54,(anonymous_11)
FN:58,(anonymous_12)
FNF:7
FNH:3
FNDA:3,(anonymous_6)
FNDA:3,(anonymous_7)
FNDA:0,(anonymous_8)
FNDA:3,(anonymous_9)
FNDA:0,(anonymous_10)
FNDA:0,(anonymous_11)
FNDA:0,(anonymous_12)
DA:1,2
DA:3,2
DA:4,2
DA:6,6
DA:7,3
DA:10,3
DA:13,3
DA:20,2
DA:22,3
DA:23,3
DA:24,0
DA:25,0
DA:28,3
DA:31,0
DA:36,2
DA:38,3
DA:41,0
DA:42,0
DA:43,0
DA:44,0
DA:49,0
DA:50,0
DA:55,0
DA:56,0
DA:59,0
DA:62,0
DA:63,0
DA:65,0
DA:68,2
DA:77,2
LF:30
LH:15
BRDA:4,0,0,2
BRDA:4,0,1,2
BRDA:6,1,0,3
BRDA:7,2,0,0
BRDA:7,2,1,3
BRDA:10,3,0,0
BRDA:10,3,1,3
BRDA:23,4,0,0
BRDA:24,5,0,0
BRDA:41,6,0,0
BRDA:41,6,1,0
BRDA:44,7,0,0
BRDA:45,8,0,0
BRDA:45,8,1,0
BRDA:45,8,2,0
BRDA:62,9,0,0
BRF:16
BRH:5
end_of_record
TN:
SF:src/shared/ui/table/dataTable.tsx
FN:4,(anonymous_2)
FNF:1
FNH:1
FNDA:1,(anonymous_2)
DA:1,1
DA:4,1
DA:5,1
DA:12,1
LF:4
LH:4
BRF:0
BRH:0
end_of_record
TN:
SF:src/types/allergy.types.ts
FN:12,(anonymous_0)
FNF:1
FNH:1
FNDA:2,(anonymous_0)
DA:12,2
DA:13,2
DA:14,2
DA:15,2
LF:4
LH:4
BRDA:12,0,0,2
BRDA:12,0,1,2
BRF:2
BRH:2
end_of_record
