TN:
SF:_tests_/fixtures/datatable.fixture.ts
FNF:0
FNH:0
DA:1,3
LF:1
LH:1
BRF:0
BRH:0
end_of_record
TN:
SF:src/components/dashboard/index.tsx
FN:39,(anonymous_2)
FN:50,(anonymous_3)
FN:60,(anonymous_4)
FN:71,(anonymous_5)
FN:74,(anonymous_6)
FN:76,(anonymous_7)
FN:79,(anonymous_8)
FN:84,(anonymous_9)
FN:90,(anonymous_10)
FN:93,(anonymous_11)
FN:101,(anonymous_12)
FN:169,(anonymous_13)
FN:175,(anonymous_14)
FN:189,(anonymous_15)
FN:195,(anonymous_16)
FN:213,(anonymous_17)
FN:219,(anonymous_18)
FNF:17
FNH:3
FNDA:0,(anonymous_2)
FNDA:0,(anonymous_3)
FNDA:0,(anonymous_4)
FNDA:3,(anonymous_5)
FNDA:2,(anonymous_6)
FNDA:2,(anonymous_7)
FNDA:0,(anonymous_8)
FNDA:0,(anonymous_9)
FNDA:0,(anonymous_10)
FNDA:0,(anonymous_11)
FNDA:0,(anonymous_12)
FNDA:0,(anonymous_13)
FNDA:0,(anonymous_14)
FNDA:0,(anonymous_15)
FNDA:0,(anonymous_16)
FNDA:0,(anonymous_17)
FNDA:0,(anonymous_18)
DA:1,1
DA:3,1
DA:7,1
DA:9,1
DA:19,1
DA:24,1
DA:26,1
DA:34,1
DA:39,0
DA:51,0
DA:56,1
DA:60,0
DA:71,1
DA:72,3
DA:74,2
DA:75,2
DA:77,2
DA:80,0
DA:84,2
DA:85,0
DA:86,0
DA:87,0
DA:88,0
DA:89,0
DA:91,0
DA:94,0
DA:99,0
DA:102,0
DA:110,2
DA:169,0
DA:175,0
DA:189,0
DA:195,0
DA:213,0
DA:219,0
DA:259,1
LF:36
LH:17
BRDA:41,0,0,0
BRDA:41,0,1,0
BRDA:41,1,0,0
BRDA:41,1,1,0
BRDA:61,2,0,0
BRDA:61,2,1,0
BRDA:61,3,0,0
BRDA:61,3,1,0
BRDA:86,4,0,0
BRDA:112,5,0,2
BRDA:112,5,1,0
BRDA:141,6,0,0
BRDA:141,6,1,0
BRDA:141,7,0,0
BRDA:141,7,1,0
BRDA:147,8,0,0
BRDA:147,8,1,0
BRDA:147,9,0,0
BRDA:147,9,1,0
BRDA:153,10,0,0
BRDA:153,10,1,0
BRDA:153,11,0,0
BRDA:153,11,1,0
BRDA:159,12,0,0
BRDA:159,12,1,0
BRDA:159,13,0,0
BRDA:159,13,1,0
BRF:27
BRH:1
end_of_record
TN:
SF:src/components/login/login.tsx
FN:13,(anonymous_3)
FN:18,(anonymous_4)
FN:24,(anonymous_5)
FN:29,(anonymous_6)
FNF:4
FNH:0
FNDA:0,(anonymous_3)
FNDA:0,(anonymous_4)
FNDA:0,(anonymous_5)
FNDA:0,(anonymous_6)
DA:1,1
DA:2,1
DA:3,1
DA:4,1
DA:6,1
DA:8,1
DA:10,1
DA:11,1
DA:13,1
DA:14,0
DA:15,0
DA:16,0
DA:18,0
DA:19,0
DA:25,0
DA:26,0
DA:27,0
DA:30,0
DA:34,0
LF:19
LH:9
BRDA:67,0,0,0
BRDA:67,0,1,0
BRF:2
BRH:0
end_of_record
TN:
SF:src/services/dashboard.service.tsx
FN:3,(anonymous_1)
FN:9,(anonymous_2)
FNF:2
FNH:1
FNDA:2,(anonymous_1)
FNDA:0,(anonymous_2)
DA:1,1
DA:3,1
DA:4,2
DA:9,1
DA:10,0
LF:5
LH:4
BRF:0
BRH:0
end_of_record
TN:
SF:src/shared/api.tsx
FN:6,(anonymous_6)
FN:23,(anonymous_7)
FN:32,(anonymous_8)
FN:39,(anonymous_9)
FN:42,(anonymous_10)
FN:54,(anonymous_11)
FN:58,(anonymous_12)
FNF:7
FNH:3
FNDA:5,(anonymous_6)
FNDA:5,(anonymous_7)
FNDA:0,(anonymous_8)
FNDA:5,(anonymous_9)
FNDA:0,(anonymous_10)
FNDA:0,(anonymous_11)
FNDA:0,(anonymous_12)
DA:1,3
DA:3,3
DA:4,3
DA:6,10
DA:7,5
DA:11,5
DA:15,5
DA:22,3
DA:24,5
DA:25,5
DA:26,0
DA:27,0
DA:30,5
DA:33,0
DA:38,3
DA:40,5
DA:44,0
DA:45,0
DA:46,0
DA:47,0
DA:48,0
DA:49,0
DA:55,0
DA:56,0
DA:59,0
DA:62,0
DA:63,0
DA:65,0
DA:68,3
DA:77,3
LF:30
LH:15
BRDA:4,0,0,3
BRDA:4,0,1,3
BRDA:6,1,0,5
BRDA:7,2,0,0
BRDA:7,2,1,5
BRDA:12,3,0,0
BRDA:12,3,1,5
BRDA:25,4,0,0
BRDA:26,5,0,0
BRDA:44,6,0,0
BRDA:44,6,1,0
BRDA:47,7,0,0
BRDA:47,8,0,0
BRDA:47,8,1,0
BRDA:47,8,2,0
BRDA:62,9,0,0
BRF:16
BRH:5
end_of_record
