TN:
SF:_tests_/fixtures/allergies.ts
FNF:0
FNH:0
DA:2,2
DA:4,2
LF:2
LH:2
BRF:0
BRH:0
end_of_record
TN:
SF:_tests_/fixtures/datatable.fixture.ts
FNF:0
FNH:0
DA:1,1
DA:16,1
LF:2
LH:2
BRF:0
BRH:0
end_of_record
TN:
SF:src/components/allergy/allergy-form.tsx
FN:21,(anonymous_15)
FN:29,(anonymous_16)
FN:30,(anonymous_17)
FN:34,(anonymous_18)
FN:39,(anonymous_19)
FN:56,(anonymous_20)
FN:63,(anonymous_21)
FN:63,(anonymous_22)
FN:68,(anonymous_24)
FN:74,(anonymous_27)
FN:74,(anonymous_28)
FN:77,(anonymous_30)
FN:80,(anonymous_31)
FN:89,(anonymous_32)
FN:90,(anonymous_33)
FN:93,(anonymous_34)
FN:99,(anonymous_35)
FN:100,(anonymous_38)
FN:130,(anonymous_39)
FN:152,(anonymous_40)
FN:171,(anonymous_41)
FN:174,(anonymous_42)
FN:241,(anonymous_43)
FNF:23
FNH:0
FNDA:0,(anonymous_15)
FNDA:0,(anonymous_16)
FNDA:0,(anonymous_17)
FNDA:0,(anonymous_18)
FNDA:0,(anonymous_19)
FNDA:0,(anonymous_20)
FNDA:0,(anonymous_21)
FNDA:0,(anonymous_22)
FNDA:0,(anonymous_24)
FNDA:0,(anonymous_27)
FNDA:0,(anonymous_28)
FNDA:0,(anonymous_30)
FNDA:0,(anonymous_31)
FNDA:0,(anonymous_32)
FNDA:0,(anonymous_33)
FNDA:0,(anonymous_34)
FNDA:0,(anonymous_35)
FNDA:0,(anonymous_38)
FNDA:0,(anonymous_39)
FNDA:0,(anonymous_40)
FNDA:0,(anonymous_41)
FNDA:0,(anonymous_42)
FNDA:0,(anonymous_43)
DA:1,1
DA:2,1
DA:10,1
DA:15,1
DA:16,1
DA:17,1
DA:18,1
DA:19,1
DA:21,1
DA:22,0
DA:23,0
DA:24,0
DA:25,0
DA:26,0
DA:29,0
DA:31,0
DA:32,0
DA:35,0
DA:36,0
DA:39,0
DA:40,0
DA:41,0
DA:42,0
DA:43,0
DA:47,0
DA:56,0
DA:57,0
DA:58,0
DA:59,0
DA:60,0
DA:63,0
DA:64,0
DA:68,0
DA:69,0
DA:70,0
DA:71,0
DA:74,0
DA:75,0
DA:76,0
DA:77,0
DA:78,0
DA:79,0
DA:80,0
DA:84,0
DA:85,0
DA:86,0
DA:87,0
DA:89,0
DA:90,0
DA:93,0
DA:94,0
DA:95,0
DA:99,0
DA:100,0
DA:101,0
DA:103,0
DA:130,1
DA:140,0
DA:153,0
DA:154,0
DA:156,0
DA:171,0
DA:174,0
DA:242,0
LF:64
LH:10
BRDA:32,0,0,0
BRDA:32,0,1,0
BRDA:32,1,0,0
BRDA:32,1,1,0
BRDA:32,2,0,0
BRDA:32,2,1,0
BRDA:32,3,0,0
BRDA:32,3,1,0
BRDA:35,4,0,0
BRDA:35,4,1,0
BRDA:35,5,0,0
BRDA:35,5,1,0
BRDA:35,6,0,0
BRDA:35,6,1,0
BRDA:35,7,0,0
BRDA:35,7,1,0
BRDA:40,8,0,0
BRDA:70,9,0,0
BRDA:70,9,1,0
BRDA:70,10,0,0
BRDA:70,10,1,0
BRDA:76,11,0,0
BRDA:87,12,0,0
BRDA:87,12,1,0
BRDA:87,13,0,0
BRDA:87,13,1,0
BRDA:90,14,0,0
BRDA:90,14,1,0
BRDA:90,15,0,0
BRDA:90,15,1,0
BRDA:94,16,0,0
BRDA:94,16,1,0
BRDA:94,17,0,0
BRDA:94,17,1,0
BRDA:94,18,0,0
BRDA:94,18,1,0
BRDA:94,19,0,0
BRDA:94,19,1,0
BRDA:106,20,0,0
BRDA:106,20,1,0
BRDA:112,21,0,0
BRDA:112,21,1,0
BRDA:153,22,0,0
BRDA:156,23,0,0
BRDA:156,23,1,0
BRF:45
BRH:0
end_of_record
TN:
SF:src/components/allergy/allergy-list.tsx
FN:21,(anonymous_16)
FN:22,(anonymous_17)
FN:26,(anonymous_18)
FN:27,(anonymous_19)
FN:31,(anonymous_20)
FN:39,(anonymous_23)
FN:39,(anonymous_24)
FN:44,(anonymous_26)
FN:44,(anonymous_27)
FN:58,(anonymous_29)
FN:88,(anonymous_30)
FN:96,(anonymous_31)
FN:101,(anonymous_32)
FN:117,(anonymous_33)
FN:128,(anonymous_34)
FN:128,(anonymous_35)
FN:144,(anonymous_37)
FN:171,(anonymous_38)
FN:178,(anonymous_39)
FN:185,(anonymous_40)
FNF:20
FNH:1
FNDA:5,(anonymous_16)
FNDA:0,(anonymous_17)
FNDA:0,(anonymous_18)
FNDA:0,(anonymous_19)
FNDA:0,(anonymous_20)
FNDA:0,(anonymous_23)
FNDA:0,(anonymous_24)
FNDA:0,(anonymous_26)
FNDA:0,(anonymous_27)
FNDA:0,(anonymous_29)
FNDA:0,(anonymous_30)
FNDA:0,(anonymous_31)
FNDA:0,(anonymous_32)
FNDA:0,(anonymous_33)
FNDA:0,(anonymous_34)
FNDA:0,(anonymous_35)
FNDA:0,(anonymous_37)
FNDA:0,(anonymous_38)
FNDA:0,(anonymous_39)
FNDA:0,(anonymous_40)
DA:1,1
DA:2,1
DA:10,1
DA:11,1
DA:12,1
DA:14,1
DA:16,1
DA:17,1
DA:19,1
DA:21,1
DA:22,5
DA:23,0
DA:24,0
DA:25,0
DA:26,0
DA:27,0
DA:31,0
DA:33,0
DA:35,0
DA:39,0
DA:40,0
DA:41,0
DA:44,0
DA:45,0
DA:46,0
DA:47,0
DA:49,0
DA:53,0
DA:58,0
DA:89,0
DA:97,0
DA:101,0
DA:117,0
DA:128,0
DA:130,0
DA:131,0
DA:132,0
DA:133,0
DA:134,0
DA:136,0
DA:137,0
DA:138,0
DA:139,0
DA:140,0
DA:142,0
DA:144,0
DA:148,0
DA:151,0
DA:171,0
DA:179,0
DA:186,0
DA:193,1
LF:52
LH:12
BRDA:40,0,0,0
BRDA:41,1,0,0
BRDA:41,1,1,0
BRDA:41,2,0,0
BRDA:41,2,1,0
BRDA:41,3,0,0
BRDA:41,3,1,0
BRDA:41,4,0,0
BRDA:41,4,1,0
BRDA:142,5,0,0
BRDA:133,6,0,0
BRDA:139,7,0,0
BRDA:139,8,0,0
BRDA:139,8,1,0
BRDA:139,9,0,0
BRDA:139,9,1,0
BRDA:171,10,0,0
BRDA:171,10,1,0
BRDA:171,11,0,0
BRDA:171,11,1,0
BRDA:171,12,0,0
BRDA:171,12,1,0
BRDA:171,13,0,0
BRDA:171,13,1,0
BRF:24
BRH:0
end_of_record
TN:
SF:src/services/allergy.service.ts
FN:3,(anonymous_1)
FN:10,(anonymous_2)
FN:18,(anonymous_3)
FN:26,(anonymous_4)
FNF:4
FNH:1
FNDA:1,(anonymous_1)
FNDA:0,(anonymous_2)
FNDA:0,(anonymous_3)
FNDA:0,(anonymous_4)
DA:1,2
DA:3,2
DA:4,1
DA:10,2
DA:11,0
DA:18,2
DA:19,0
DA:26,2
DA:27,0
LF:9
LH:6
BRF:0
BRH:0
end_of_record
TN:
SF:src/shared/api.tsx
FN:6,(anonymous_6)
FN:21,(anonymous_7)
FN:30,(anonymous_8)
FN:37,(anonymous_9)
FN:40,(anonymous_10)
FN:54,(anonymous_11)
FN:58,(anonymous_12)
FNF:7
FNH:3
FNDA:3,(anonymous_6)
FNDA:3,(anonymous_7)
FNDA:0,(anonymous_8)
FNDA:3,(anonymous_9)
FNDA:0,(anonymous_10)
FNDA:0,(anonymous_11)
FNDA:0,(anonymous_12)
DA:1,3
DA:3,3
DA:4,3
DA:6,6
DA:7,3
DA:10,3
DA:13,3
DA:20,3
DA:22,3
DA:23,3
DA:24,0
DA:25,0
DA:28,3
DA:31,0
DA:36,3
DA:38,3
DA:41,0
DA:42,0
DA:43,0
DA:44,0
DA:49,0
DA:50,0
DA:55,0
DA:56,0
DA:59,0
DA:62,0
DA:63,0
DA:65,0
DA:68,3
DA:77,3
LF:30
LH:15
BRDA:4,0,0,3
BRDA:4,0,1,3
BRDA:6,1,0,3
BRDA:7,2,0,0
BRDA:7,2,1,3
BRDA:10,3,0,0
BRDA:10,3,1,3
BRDA:23,4,0,0
BRDA:24,5,0,0
BRDA:41,6,0,0
BRDA:41,6,1,0
BRDA:44,7,0,0
BRDA:45,8,0,0
BRDA:45,8,1,0
BRDA:45,8,2,0
BRDA:62,9,0,0
BRF:16
BRH:5
end_of_record
TN:
SF:src/shared/hooks/redux.hooks.ts
FNF:0
FNH:0
DA:1,1
DA:6,1
DA:7,1
LF:3
LH:3
BRF:0
BRH:0
end_of_record
TN:
SF:src/shared/reducers/allergy-reducer.ts
FN:35,(anonymous_16)
FN:46,(anonymous_19)
FN:57,(anonymous_22)
FN:68,(anonymous_25)
FN:82,(anonymous_28)
FN:86,(anonymous_29)
FN:87,(anonymous_30)
FN:92,(anonymous_31)
FN:101,(anonymous_32)
FN:115,(anonymous_33)
FN:119,(anonymous_34)
FN:124,(anonymous_35)
FN:129,(anonymous_36)
FN:133,(anonymous_37)
FN:136,(anonymous_38)
FN:147,(anonymous_39)
FN:152,(anonymous_40)
FN:156,(anonymous_41)
FN:163,(anonymous_42)
FN:167,(anonymous_43)
FNF:20
FNH:0
FNDA:0,(anonymous_16)
FNDA:0,(anonymous_19)
FNDA:0,(anonymous_22)
FNDA:0,(anonymous_25)
FNDA:0,(anonymous_28)
FNDA:0,(anonymous_29)
FNDA:0,(anonymous_30)
FNDA:0,(anonymous_31)
FNDA:0,(anonymous_32)
FNDA:0,(anonymous_33)
FNDA:0,(anonymous_34)
FNDA:0,(anonymous_35)
FNDA:0,(anonymous_36)
FNDA:0,(anonymous_37)
FNDA:0,(anonymous_38)
FNDA:0,(anonymous_39)
FNDA:0,(anonymous_40)
FNDA:0,(anonymous_41)
FNDA:0,(anonymous_42)
FNDA:0,(anonymous_43)
DA:1,1
DA:4,1
DA:15,1
DA:33,1
DA:35,0
DA:37,0
DA:39,0
DA:44,1
DA:46,0
DA:48,0
DA:50,0
DA:55,1
DA:57,0
DA:59,0
DA:61,0
DA:66,1
DA:68,0
DA:70,0
DA:72,0
DA:77,1
DA:83,0
DA:87,0
DA:88,0
DA:91,0
DA:93,0
DA:94,0
DA:99,0
DA:102,0
DA:103,0
DA:105,0
DA:115,0
DA:116,0
DA:119,0
DA:120,0
DA:121,0
DA:124,0
DA:125,0
DA:126,0
DA:129,0
DA:130,0
DA:133,0
DA:134,0
DA:135,0
DA:136,0
DA:137,0
DA:138,0
DA:143,0
DA:147,0
DA:148,0
DA:149,0
DA:152,0
DA:153,0
DA:156,0
DA:157,0
DA:159,0
DA:162,0
DA:163,0
DA:167,0
DA:168,0
DA:169,0
DA:174,1
LF:61
LH:9
BRDA:37,0,0,0
BRDA:48,1,0,0
BRDA:59,2,0,0
BRDA:70,3,0,0
BRDA:137,4,0,0
BRF:5
BRH:0
end_of_record
TN:
SF:src/shared/ui/modal/custom-modal.tsx
FN:5,(anonymous_8)
FN:8,(anonymous_9)
FN:9,(anonymous_10)
FN:12,(anonymous_11)
FN:17,(anonymous_12)
FN:22,onOk
FNF:6
FNH:0
FNDA:0,(anonymous_8)
FNDA:0,(anonymous_9)
FNDA:0,(anonymous_10)
FNDA:0,(anonymous_11)
FNDA:0,(anonymous_12)
FNDA:0,onOk
DA:1,1
DA:2,1
DA:4,1
DA:5,1
DA:6,0
DA:8,0
DA:10,0
DA:13,0
DA:17,0
DA:18,0
DA:19,0
DA:23,0
DA:24,0
DA:26,0
LF:14
LH:4
BRF:0
BRH:0
end_of_record
TN:
SF:src/shared/ui/table/dataTable.tsx
FN:4,(anonymous_2)
FNF:1
FNH:1
FNDA:1,(anonymous_2)
DA:1,2
DA:4,2
DA:5,1
DA:12,2
LF:4
LH:4
BRF:0
BRH:0
end_of_record
TN:
SF:src/shared/utils/shared.utils.tsx
FN:1,(anonymous_0)
FN:13,(anonymous_1)
FNF:2
FNH:0
FNDA:0,(anonymous_0)
FNDA:0,(anonymous_1)
DA:1,1
DA:4,0
DA:13,1
DA:14,0
DA:15,0
DA:16,0
DA:19,1
LF:7
LH:3
BRDA:4,0,0,0
BRDA:4,0,1,0
BRDA:14,1,0,0
BRDA:15,2,0,0
BRF:4
BRH:0
end_of_record
TN:
SF:src/types/allergy.types.ts
FN:12,(anonymous_0)
FNF:1
FNH:1
FNDA:3,(anonymous_0)
DA:12,3
DA:13,3
DA:14,3
DA:15,3
LF:4
LH:4
BRDA:12,0,0,3
BRDA:12,0,1,3
BRF:2
BRH:2
end_of_record
